{"/home/halseytakang/Development/web/sdetFinals/controllers/basketController.js": {"path":"/home/halseytakang/Development/web/sdetFinals/controllers/basketController.js","statementMap":{"0":{"start":{"line":1,"column":14},"end":{"line":1,"column":30}},"1":{"start":{"line":2,"column":15},"end":{"line":2,"column":46}},"2":{"start":{"line":3,"column":21},"end":{"line":3,"column":64}},"3":{"start":{"line":4,"column":73},"end":{"line":4,"column":117}},"4":{"start":{"line":5,"column":16},"end":{"line":5,"column":42}},"5":{"start":{"line":6,"column":15},"end":{"line":6,"column":44}},"6":{"start":{"line":7,"column":13},"end":{"line":7,"column":28}},"7":{"start":{"line":10,"column":4},"end":{"line":10,"column":30}},"8":{"start":{"line":11,"column":15},"end":{"line":11,"column":34}},"9":{"start":{"line":12,"column":4},"end":{"line":29,"column":5}},"10":{"start":{"line":13,"column":22},"end":{"line":13,"column":42}},"11":{"start":{"line":14,"column":23},"end":{"line":14,"column":24}},"12":{"start":{"line":15,"column":22},"end":{"line":15,"column":76}},"13":{"start":{"line":16,"column":26},"end":{"line":16,"column":83}},"14":{"start":{"line":17,"column":20},"end":{"line":17,"column":190}},"15":{"start":{"line":18,"column":8},"end":{"line":26,"column":11}},"16":{"start":{"line":19,"column":12},"end":{"line":22,"column":13}},"17":{"start":{"line":20,"column":16},"end":{"line":20,"column":34}},"18":{"start":{"line":21,"column":16},"end":{"line":21,"column":22}},"19":{"start":{"line":24,"column":12},"end":{"line":24,"column":42}},"20":{"start":{"line":25,"column":12},"end":{"line":25,"column":49}},"21":{"start":{"line":28,"column":8},"end":{"line":28,"column":97}},"22":{"start":{"line":33,"column":22},"end":{"line":33,"column":53}},"23":{"start":{"line":34,"column":16},"end":{"line":34,"column":83}},"24":{"start":{"line":36,"column":4},"end":{"line":149,"column":7}},"25":{"start":{"line":37,"column":8},"end":{"line":40,"column":9}},"26":{"start":{"line":38,"column":12},"end":{"line":38,"column":30}},"27":{"start":{"line":39,"column":12},"end":{"line":39,"column":18}},"28":{"start":{"line":42,"column":8},"end":{"line":148,"column":9}},"29":{"start":{"line":43,"column":12},"end":{"line":43,"column":70}},"30":{"start":{"line":45,"column":12},"end":{"line":147,"column":13}},"31":{"start":{"line":46,"column":28},"end":{"line":46,"column":29}},"32":{"start":{"line":47,"column":29},"end":{"line":47,"column":30}},"33":{"start":{"line":48,"column":29},"end":{"line":48,"column":30}},"34":{"start":{"line":49,"column":27},"end":{"line":49,"column":28}},"35":{"start":{"line":50,"column":31},"end":{"line":50,"column":32}},"36":{"start":{"line":51,"column":30},"end":{"line":51,"column":31}},"37":{"start":{"line":52,"column":35},"end":{"line":52,"column":41}},"38":{"start":{"line":53,"column":33},"end":{"line":53,"column":35}},"39":{"start":{"line":54,"column":16},"end":{"line":54,"column":190}},"40":{"start":{"line":55,"column":16},"end":{"line":55,"column":147}},"41":{"start":{"line":56,"column":16},"end":{"line":56,"column":88}},"42":{"start":{"line":57,"column":16},"end":{"line":57,"column":136}},"43":{"start":{"line":58,"column":16},"end":{"line":74,"column":18}},"44":{"start":{"line":59,"column":20},"end":{"line":59,"column":42}},"45":{"start":{"line":60,"column":20},"end":{"line":70,"column":21}},"46":{"start":{"line":61,"column":24},"end":{"line":61,"column":32}},"47":{"start":{"line":62,"column":26},"end":{"line":70,"column":21}},"48":{"start":{"line":63,"column":24},"end":{"line":63,"column":33}},"49":{"start":{"line":64,"column":26},"end":{"line":70,"column":21}},"50":{"start":{"line":65,"column":24},"end":{"line":65,"column":30}},"51":{"start":{"line":66,"column":26},"end":{"line":70,"column":21}},"52":{"start":{"line":67,"column":24},"end":{"line":67,"column":34}},"53":{"start":{"line":68,"column":26},"end":{"line":70,"column":21}},"54":{"start":{"line":69,"column":24},"end":{"line":69,"column":33}},"55":{"start":{"line":72,"column":20},"end":{"line":72,"column":198}},"56":{"start":{"line":73,"column":20},"end":{"line":73,"column":123}},"57":{"start":{"line":75,"column":31},"end":{"line":75,"column":58}},"58":{"start":{"line":76,"column":16},"end":{"line":80,"column":17}},"59":{"start":{"line":77,"column":20},"end":{"line":77,"column":57}},"60":{"start":{"line":79,"column":20},"end":{"line":79,"column":48}},"61":{"start":{"line":82,"column":16},"end":{"line":84,"column":17}},"62":{"start":{"line":83,"column":20},"end":{"line":83,"column":47}},"63":{"start":{"line":86,"column":30},"end":{"line":86,"column":62}},"64":{"start":{"line":87,"column":16},"end":{"line":87,"column":105}},"65":{"start":{"line":89,"column":16},"end":{"line":140,"column":17}},"66":{"start":{"line":90,"column":20},"end":{"line":90,"column":116}},"67":{"start":{"line":91,"column":20},"end":{"line":91,"column":113}},"68":{"start":{"line":92,"column":20},"end":{"line":92,"column":41}},"69":{"start":{"line":94,"column":31},"end":{"line":94,"column":78}},"70":{"start":{"line":95,"column":20},"end":{"line":107,"column":21}},"71":{"start":{"line":96,"column":24},"end":{"line":96,"column":77}},"72":{"start":{"line":97,"column":24},"end":{"line":97,"column":123}},"73":{"start":{"line":98,"column":24},"end":{"line":98,"column":111}},"74":{"start":{"line":99,"column":24},"end":{"line":99,"column":44}},"75":{"start":{"line":101,"column":24},"end":{"line":101,"column":51}},"76":{"start":{"line":102,"column":24},"end":{"line":102,"column":66}},"77":{"start":{"line":103,"column":24},"end":{"line":103,"column":53}},"78":{"start":{"line":104,"column":24},"end":{"line":104,"column":141}},"79":{"start":{"line":105,"column":24},"end":{"line":105,"column":117}},"80":{"start":{"line":106,"column":24},"end":{"line":106,"column":45}},"81":{"start":{"line":109,"column":20},"end":{"line":109,"column":45}},"82":{"start":{"line":110,"column":20},"end":{"line":110,"column":59}},"83":{"start":{"line":111,"column":20},"end":{"line":111,"column":51}},"84":{"start":{"line":112,"column":20},"end":{"line":112,"column":49}},"85":{"start":{"line":114,"column":20},"end":{"line":116,"column":21}},"86":{"start":{"line":115,"column":24},"end":{"line":115,"column":77}},"87":{"start":{"line":118,"column":20},"end":{"line":120,"column":21}},"88":{"start":{"line":119,"column":24},"end":{"line":119,"column":77}},"89":{"start":{"line":122,"column":20},"end":{"line":124,"column":21}},"90":{"start":{"line":123,"column":24},"end":{"line":123,"column":73}},"91":{"start":{"line":126,"column":20},"end":{"line":128,"column":21}},"92":{"start":{"line":127,"column":24},"end":{"line":127,"column":81}},"93":{"start":{"line":130,"column":20},"end":{"line":132,"column":21}},"94":{"start":{"line":131,"column":24},"end":{"line":131,"column":79}},"95":{"start":{"line":134,"column":20},"end":{"line":134,"column":56}},"96":{"start":{"line":135,"column":20},"end":{"line":139,"column":21}},"97":{"start":{"line":136,"column":24},"end":{"line":136,"column":63}},"98":{"start":{"line":138,"column":24},"end":{"line":138,"column":53}},"99":{"start":{"line":141,"column":16},"end":{"line":141,"column":99}},"100":{"start":{"line":142,"column":16},"end":{"line":142,"column":61}},"101":{"start":{"line":143,"column":16},"end":{"line":143,"column":89}},"102":{"start":{"line":144,"column":16},"end":{"line":144,"column":25}},"103":{"start":{"line":146,"column":16},"end":{"line":146,"column":74}},"104":{"start":{"line":153,"column":4},"end":{"line":153,"column":31}},"105":{"start":{"line":155,"column":20},"end":{"line":165,"column":6}},"106":{"start":{"line":156,"column":26},"end":{"line":156,"column":80}},"107":{"start":{"line":157,"column":20},"end":{"line":157,"column":75}},"108":{"start":{"line":158,"column":8},"end":{"line":164,"column":11}},"109":{"start":{"line":159,"column":12},"end":{"line":162,"column":13}},"110":{"start":{"line":160,"column":16},"end":{"line":160,"column":34}},"111":{"start":{"line":161,"column":16},"end":{"line":161,"column":22}},"112":{"start":{"line":163,"column":12},"end":{"line":163,"column":25}},"113":{"start":{"line":166,"column":4},"end":{"line":170,"column":5}},"114":{"start":{"line":167,"column":8},"end":{"line":167,"column":21}},"115":{"start":{"line":169,"column":8},"end":{"line":169,"column":20}},"116":{"start":{"line":174,"column":22},"end":{"line":174,"column":53}},"117":{"start":{"line":175,"column":16},"end":{"line":175,"column":83}},"118":{"start":{"line":177,"column":4},"end":{"line":183,"column":6}},"119":{"start":{"line":178,"column":8},"end":{"line":181,"column":9}},"120":{"start":{"line":179,"column":12},"end":{"line":179,"column":30}},"121":{"start":{"line":180,"column":12},"end":{"line":180,"column":18}},"122":{"start":{"line":182,"column":8},"end":{"line":182,"column":64}},"123":{"start":{"line":187,"column":15},"end":{"line":187,"column":27}},"124":{"start":{"line":188,"column":19},"end":{"line":188,"column":48}},"125":{"start":{"line":189,"column":16},"end":{"line":189,"column":60}},"126":{"start":{"line":190,"column":4},"end":{"line":197,"column":7}},"127":{"start":{"line":191,"column":8},"end":{"line":194,"column":9}},"128":{"start":{"line":192,"column":12},"end":{"line":192,"column":30}},"129":{"start":{"line":193,"column":12},"end":{"line":193,"column":18}},"130":{"start":{"line":196,"column":8},"end":{"line":196,"column":31}},"131":{"start":{"line":201,"column":20},"end":{"line":211,"column":6}},"132":{"start":{"line":202,"column":23},"end":{"line":202,"column":69}},"133":{"start":{"line":203,"column":20},"end":{"line":203,"column":98}},"134":{"start":{"line":204,"column":8},"end":{"line":210,"column":11}},"135":{"start":{"line":205,"column":12},"end":{"line":208,"column":13}},"136":{"start":{"line":206,"column":16},"end":{"line":206,"column":34}},"137":{"start":{"line":207,"column":16},"end":{"line":207,"column":22}},"138":{"start":{"line":209,"column":12},"end":{"line":209,"column":25}},"139":{"start":{"line":216,"column":19},"end":{"line":216,"column":26}},"140":{"start":{"line":217,"column":18},"end":{"line":217,"column":25}},"141":{"start":{"line":218,"column":4},"end":{"line":225,"column":5}},"142":{"start":{"line":219,"column":8},"end":{"line":219,"column":73}},"143":{"start":{"line":220,"column":8},"end":{"line":220,"column":42}},"144":{"start":{"line":221,"column":10},"end":{"line":225,"column":5}},"145":{"start":{"line":222,"column":8},"end":{"line":222,"column":47}},"146":{"start":{"line":223,"column":10},"end":{"line":225,"column":5}},"147":{"start":{"line":224,"column":8},"end":{"line":224,"column":46}},"148":{"start":{"line":227,"column":20},"end":{"line":240,"column":6}},"149":{"start":{"line":228,"column":23},"end":{"line":228,"column":85}},"150":{"start":{"line":229,"column":20},"end":{"line":229,"column":258}},"151":{"start":{"line":230,"column":8},"end":{"line":239,"column":11}},"152":{"start":{"line":231,"column":12},"end":{"line":234,"column":13}},"153":{"start":{"line":232,"column":16},"end":{"line":232,"column":34}},"154":{"start":{"line":233,"column":16},"end":{"line":233,"column":22}},"155":{"start":{"line":235,"column":12},"end":{"line":235,"column":25}},"156":{"start":{"line":238,"column":12},"end":{"line":238,"column":36}},"157":{"start":{"line":244,"column":20},"end":{"line":259,"column":6}},"158":{"start":{"line":245,"column":23},"end":{"line":245,"column":52}},"159":{"start":{"line":246,"column":20},"end":{"line":246,"column":85}},"160":{"start":{"line":247,"column":8},"end":{"line":258,"column":11}},"161":{"start":{"line":248,"column":12},"end":{"line":251,"column":13}},"162":{"start":{"line":249,"column":16},"end":{"line":249,"column":34}},"163":{"start":{"line":250,"column":16},"end":{"line":250,"column":22}},"164":{"start":{"line":252,"column":12},"end":{"line":252,"column":25}},"165":{"start":{"line":257,"column":12},"end":{"line":257,"column":71}},"166":{"start":{"line":263,"column":20},"end":{"line":273,"column":6}},"167":{"start":{"line":264,"column":26},"end":{"line":264,"column":91}},"168":{"start":{"line":265,"column":20},"end":{"line":265,"column":57}},"169":{"start":{"line":266,"column":8},"end":{"line":272,"column":11}},"170":{"start":{"line":267,"column":12},"end":{"line":270,"column":13}},"171":{"start":{"line":268,"column":16},"end":{"line":268,"column":34}},"172":{"start":{"line":269,"column":16},"end":{"line":269,"column":22}},"173":{"start":{"line":271,"column":12},"end":{"line":271,"column":25}},"174":{"start":{"line":275,"column":4},"end":{"line":289,"column":5}},"175":{"start":{"line":276,"column":8},"end":{"line":288,"column":10}},"176":{"start":{"line":277,"column":25},"end":{"line":287,"column":14}},"177":{"start":{"line":278,"column":34},"end":{"line":278,"column":63}},"178":{"start":{"line":279,"column":28},"end":{"line":279,"column":83}},"179":{"start":{"line":280,"column":16},"end":{"line":286,"column":19}},"180":{"start":{"line":281,"column":20},"end":{"line":284,"column":21}},"181":{"start":{"line":282,"column":24},"end":{"line":282,"column":42}},"182":{"start":{"line":283,"column":24},"end":{"line":283,"column":30}},"183":{"start":{"line":285,"column":20},"end":{"line":285,"column":33}},"184":{"start":{"line":292,"column":0},"end":{"line":292,"column":102}}},"fnMap":{"0":{"name":"AddToBasket","decl":{"start":{"line":9,"column":15},"end":{"line":9,"column":26}},"loc":{"start":{"line":9,"column":37},"end":{"line":30,"column":1}},"line":9},"1":{"name":"(anonymous_1)","decl":{"start":{"line":18,"column":26},"end":{"line":18,"column":27}},"loc":{"start":{"line":18,"column":45},"end":{"line":26,"column":9}},"line":18},"2":{"name":"ShowBasketItems","decl":{"start":{"line":32,"column":9},"end":{"line":32,"column":24}},"loc":{"start":{"line":32,"column":34},"end":{"line":150,"column":1}},"line":32},"3":{"name":"(anonymous_3)","decl":{"start":{"line":36,"column":22},"end":{"line":36,"column":23}},"loc":{"start":{"line":36,"column":43},"end":{"line":149,"column":5}},"line":36},"4":{"name":"(anonymous_4)","decl":{"start":{"line":58,"column":44},"end":{"line":58,"column":45}},"loc":{"start":{"line":58,"column":55},"end":{"line":74,"column":17}},"line":58},"5":{"name":"AtBasketLimit","decl":{"start":{"line":152,"column":15},"end":{"line":152,"column":28}},"loc":{"start":{"line":152,"column":36},"end":{"line":171,"column":1}},"line":152},"6":{"name":"(anonymous_6)","decl":{"start":{"line":155,"column":38},"end":{"line":155,"column":39}},"loc":{"start":{"line":155,"column":59},"end":{"line":165,"column":5}},"line":155},"7":{"name":"(anonymous_7)","decl":{"start":{"line":158,"column":26},"end":{"line":158,"column":27}},"loc":{"start":{"line":158,"column":41},"end":{"line":164,"column":9}},"line":158},"8":{"name":"CountBasketItems","decl":{"start":{"line":173,"column":9},"end":{"line":173,"column":25}},"loc":{"start":{"line":173,"column":35},"end":{"line":184,"column":1}},"line":173},"9":{"name":"(anonymous_9)","decl":{"start":{"line":177,"column":22},"end":{"line":177,"column":23}},"loc":{"start":{"line":177,"column":37},"end":{"line":183,"column":5}},"line":177},"10":{"name":"RemoveBasketItem","decl":{"start":{"line":186,"column":9},"end":{"line":186,"column":25}},"loc":{"start":{"line":186,"column":35},"end":{"line":198,"column":1}},"line":186},"11":{"name":"(anonymous_11)","decl":{"start":{"line":190,"column":22},"end":{"line":190,"column":23}},"loc":{"start":{"line":190,"column":41},"end":{"line":197,"column":5}},"line":190},"12":{"name":"SetCodeAsUsed","decl":{"start":{"line":200,"column":15},"end":{"line":200,"column":28}},"loc":{"start":{"line":200,"column":42},"end":{"line":212,"column":1}},"line":200},"13":{"name":"(anonymous_13)","decl":{"start":{"line":201,"column":38},"end":{"line":201,"column":39}},"loc":{"start":{"line":201,"column":59},"end":{"line":211,"column":5}},"line":201},"14":{"name":"(anonymous_14)","decl":{"start":{"line":204,"column":26},"end":{"line":204,"column":27}},"loc":{"start":{"line":204,"column":41},"end":{"line":210,"column":9}},"line":204},"15":{"name":"Checkout","decl":{"start":{"line":214,"column":15},"end":{"line":214,"column":23}},"loc":{"start":{"line":214,"column":34},"end":{"line":241,"column":1}},"line":214},"16":{"name":"(anonymous_16)","decl":{"start":{"line":227,"column":38},"end":{"line":227,"column":39}},"loc":{"start":{"line":227,"column":59},"end":{"line":240,"column":5}},"line":227},"17":{"name":"(anonymous_17)","decl":{"start":{"line":230,"column":26},"end":{"line":230,"column":27}},"loc":{"start":{"line":230,"column":41},"end":{"line":239,"column":9}},"line":230},"18":{"name":"Success","decl":{"start":{"line":243,"column":15},"end":{"line":243,"column":22}},"loc":{"start":{"line":243,"column":33},"end":{"line":260,"column":1}},"line":243},"19":{"name":"(anonymous_19)","decl":{"start":{"line":244,"column":38},"end":{"line":244,"column":39}},"loc":{"start":{"line":244,"column":59},"end":{"line":259,"column":5}},"line":244},"20":{"name":"(anonymous_20)","decl":{"start":{"line":247,"column":26},"end":{"line":247,"column":27}},"loc":{"start":{"line":247,"column":41},"end":{"line":258,"column":9}},"line":247},"21":{"name":"RemoveOverdueItems","decl":{"start":{"line":262,"column":15},"end":{"line":262,"column":33}},"loc":{"start":{"line":262,"column":35},"end":{"line":290,"column":1}},"line":262},"22":{"name":"(anonymous_22)","decl":{"start":{"line":263,"column":38},"end":{"line":263,"column":39}},"loc":{"start":{"line":263,"column":59},"end":{"line":273,"column":5}},"line":263},"23":{"name":"(anonymous_23)","decl":{"start":{"line":266,"column":26},"end":{"line":266,"column":27}},"loc":{"start":{"line":266,"column":41},"end":{"line":272,"column":9}},"line":266},"24":{"name":"(anonymous_24)","decl":{"start":{"line":276,"column":39},"end":{"line":276,"column":40}},"loc":{"start":{"line":276,"column":56},"end":{"line":288,"column":9}},"line":276},"25":{"name":"(anonymous_25)","decl":{"start":{"line":277,"column":43},"end":{"line":277,"column":44}},"loc":{"start":{"line":277,"column":64},"end":{"line":287,"column":13}},"line":277},"26":{"name":"(anonymous_26)","decl":{"start":{"line":280,"column":34},"end":{"line":280,"column":35}},"loc":{"start":{"line":280,"column":49},"end":{"line":286,"column":17}},"line":280}},"branchMap":{"0":{"loc":{"start":{"line":12,"column":4},"end":{"line":29,"column":5}},"type":"if","locations":[{"start":{"line":12,"column":4},"end":{"line":29,"column":5}},{"start":{"line":27,"column":9},"end":{"line":29,"column":5}}],"line":12},"1":{"loc":{"start":{"line":19,"column":12},"end":{"line":22,"column":13}},"type":"if","locations":[{"start":{"line":19,"column":12},"end":{"line":22,"column":13}},{"start":{},"end":{}}],"line":19},"2":{"loc":{"start":{"line":37,"column":8},"end":{"line":40,"column":9}},"type":"if","locations":[{"start":{"line":37,"column":8},"end":{"line":40,"column":9}},{"start":{},"end":{}}],"line":37},"3":{"loc":{"start":{"line":42,"column":8},"end":{"line":148,"column":9}},"type":"if","locations":[{"start":{"line":42,"column":8},"end":{"line":148,"column":9}},{"start":{"line":44,"column":13},"end":{"line":148,"column":9}}],"line":42},"4":{"loc":{"start":{"line":45,"column":12},"end":{"line":147,"column":13}},"type":"if","locations":[{"start":{"line":45,"column":12},"end":{"line":147,"column":13}},{"start":{"line":145,"column":17},"end":{"line":147,"column":13}}],"line":45},"5":{"loc":{"start":{"line":60,"column":20},"end":{"line":70,"column":21}},"type":"if","locations":[{"start":{"line":60,"column":20},"end":{"line":70,"column":21}},{"start":{"line":62,"column":26},"end":{"line":70,"column":21}}],"line":60},"6":{"loc":{"start":{"line":62,"column":26},"end":{"line":70,"column":21}},"type":"if","locations":[{"start":{"line":62,"column":26},"end":{"line":70,"column":21}},{"start":{"line":64,"column":26},"end":{"line":70,"column":21}}],"line":62},"7":{"loc":{"start":{"line":64,"column":26},"end":{"line":70,"column":21}},"type":"if","locations":[{"start":{"line":64,"column":26},"end":{"line":70,"column":21}},{"start":{"line":66,"column":26},"end":{"line":70,"column":21}}],"line":64},"8":{"loc":{"start":{"line":66,"column":26},"end":{"line":70,"column":21}},"type":"if","locations":[{"start":{"line":66,"column":26},"end":{"line":70,"column":21}},{"start":{"line":68,"column":26},"end":{"line":70,"column":21}}],"line":66},"9":{"loc":{"start":{"line":68,"column":26},"end":{"line":70,"column":21}},"type":"if","locations":[{"start":{"line":68,"column":26},"end":{"line":70,"column":21}},{"start":{},"end":{}}],"line":68},"10":{"loc":{"start":{"line":76,"column":16},"end":{"line":80,"column":17}},"type":"if","locations":[{"start":{"line":76,"column":16},"end":{"line":80,"column":17}},{"start":{"line":78,"column":21},"end":{"line":80,"column":17}}],"line":76},"11":{"loc":{"start":{"line":82,"column":16},"end":{"line":84,"column":17}},"type":"if","locations":[{"start":{"line":82,"column":16},"end":{"line":84,"column":17}},{"start":{},"end":{}}],"line":82},"12":{"loc":{"start":{"line":89,"column":16},"end":{"line":140,"column":17}},"type":"if","locations":[{"start":{"line":89,"column":16},"end":{"line":140,"column":17}},{"start":{"line":93,"column":21},"end":{"line":140,"column":17}}],"line":89},"13":{"loc":{"start":{"line":95,"column":20},"end":{"line":107,"column":21}},"type":"if","locations":[{"start":{"line":95,"column":20},"end":{"line":107,"column":21}},{"start":{"line":100,"column":25},"end":{"line":107,"column":21}}],"line":95},"14":{"loc":{"start":{"line":114,"column":20},"end":{"line":116,"column":21}},"type":"if","locations":[{"start":{"line":114,"column":20},"end":{"line":116,"column":21}},{"start":{},"end":{}}],"line":114},"15":{"loc":{"start":{"line":118,"column":20},"end":{"line":120,"column":21}},"type":"if","locations":[{"start":{"line":118,"column":20},"end":{"line":120,"column":21}},{"start":{},"end":{}}],"line":118},"16":{"loc":{"start":{"line":122,"column":20},"end":{"line":124,"column":21}},"type":"if","locations":[{"start":{"line":122,"column":20},"end":{"line":124,"column":21}},{"start":{},"end":{}}],"line":122},"17":{"loc":{"start":{"line":126,"column":20},"end":{"line":128,"column":21}},"type":"if","locations":[{"start":{"line":126,"column":20},"end":{"line":128,"column":21}},{"start":{},"end":{}}],"line":126},"18":{"loc":{"start":{"line":130,"column":20},"end":{"line":132,"column":21}},"type":"if","locations":[{"start":{"line":130,"column":20},"end":{"line":132,"column":21}},{"start":{},"end":{}}],"line":130},"19":{"loc":{"start":{"line":135,"column":20},"end":{"line":139,"column":21}},"type":"if","locations":[{"start":{"line":135,"column":20},"end":{"line":139,"column":21}},{"start":{"line":137,"column":25},"end":{"line":139,"column":21}}],"line":135},"20":{"loc":{"start":{"line":159,"column":12},"end":{"line":162,"column":13}},"type":"if","locations":[{"start":{"line":159,"column":12},"end":{"line":162,"column":13}},{"start":{},"end":{}}],"line":159},"21":{"loc":{"start":{"line":166,"column":4},"end":{"line":170,"column":5}},"type":"if","locations":[{"start":{"line":166,"column":4},"end":{"line":170,"column":5}},{"start":{"line":168,"column":9},"end":{"line":170,"column":5}}],"line":166},"22":{"loc":{"start":{"line":178,"column":8},"end":{"line":181,"column":9}},"type":"if","locations":[{"start":{"line":178,"column":8},"end":{"line":181,"column":9}},{"start":{},"end":{}}],"line":178},"23":{"loc":{"start":{"line":191,"column":8},"end":{"line":194,"column":9}},"type":"if","locations":[{"start":{"line":191,"column":8},"end":{"line":194,"column":9}},{"start":{},"end":{}}],"line":191},"24":{"loc":{"start":{"line":205,"column":12},"end":{"line":208,"column":13}},"type":"if","locations":[{"start":{"line":205,"column":12},"end":{"line":208,"column":13}},{"start":{},"end":{}}],"line":205},"25":{"loc":{"start":{"line":218,"column":4},"end":{"line":225,"column":5}},"type":"if","locations":[{"start":{"line":218,"column":4},"end":{"line":225,"column":5}},{"start":{"line":221,"column":10},"end":{"line":225,"column":5}}],"line":218},"26":{"loc":{"start":{"line":221,"column":10},"end":{"line":225,"column":5}},"type":"if","locations":[{"start":{"line":221,"column":10},"end":{"line":225,"column":5}},{"start":{"line":223,"column":10},"end":{"line":225,"column":5}}],"line":221},"27":{"loc":{"start":{"line":223,"column":10},"end":{"line":225,"column":5}},"type":"if","locations":[{"start":{"line":223,"column":10},"end":{"line":225,"column":5}},{"start":{},"end":{}}],"line":223},"28":{"loc":{"start":{"line":231,"column":12},"end":{"line":234,"column":13}},"type":"if","locations":[{"start":{"line":231,"column":12},"end":{"line":234,"column":13}},{"start":{},"end":{}}],"line":231},"29":{"loc":{"start":{"line":248,"column":12},"end":{"line":251,"column":13}},"type":"if","locations":[{"start":{"line":248,"column":12},"end":{"line":251,"column":13}},{"start":{},"end":{}}],"line":248},"30":{"loc":{"start":{"line":267,"column":12},"end":{"line":270,"column":13}},"type":"if","locations":[{"start":{"line":267,"column":12},"end":{"line":270,"column":13}},{"start":{},"end":{}}],"line":267},"31":{"loc":{"start":{"line":275,"column":4},"end":{"line":289,"column":5}},"type":"if","locations":[{"start":{"line":275,"column":4},"end":{"line":289,"column":5}},{"start":{},"end":{}}],"line":275},"32":{"loc":{"start":{"line":281,"column":20},"end":{"line":284,"column":21}},"type":"if","locations":[{"start":{"line":281,"column":20},"end":{"line":284,"column":21}},{"start":{},"end":{}}],"line":281}},"s":{"0":1,"1":1,"2":1,"3":1,"4":1,"5":1,"6":1,"7":0,"8":0,"9":0,"10":0,"11":0,"12":0,"13":0,"14":0,"15":0,"16":0,"17":0,"18":0,"19":0,"20":0,"21":0,"22":0,"23":0,"24":0,"25":0,"26":0,"27":0,"28":0,"29":0,"30":0,"31":0,"32":0,"33":0,"34":0,"35":0,"36":0,"37":0,"38":0,"39":0,"40":0,"41":0,"42":0,"43":0,"44":0,"45":0,"46":0,"47":0,"48":0,"49":0,"50":0,"51":0,"52":0,"53":0,"54":0,"55":0,"56":0,"57":0,"58":0,"59":0,"60":0,"61":0,"62":0,"63":0,"64":0,"65":0,"66":0,"67":0,"68":0,"69":0,"70":0,"71":0,"72":0,"73":0,"74":0,"75":0,"76":0,"77":0,"78":0,"79":0,"80":0,"81":0,"82":0,"83":0,"84":0,"85":0,"86":0,"87":0,"88":0,"89":0,"90":0,"91":0,"92":0,"93":0,"94":0,"95":0,"96":0,"97":0,"98":0,"99":0,"100":0,"101":0,"102":0,"103":0,"104":0,"105":0,"106":0,"107":0,"108":0,"109":0,"110":0,"111":0,"112":0,"113":0,"114":0,"115":0,"116":0,"117":0,"118":0,"119":0,"120":0,"121":0,"122":0,"123":0,"124":0,"125":0,"126":0,"127":0,"128":0,"129":0,"130":0,"131":0,"132":0,"133":0,"134":0,"135":0,"136":0,"137":0,"138":0,"139":0,"140":0,"141":0,"142":0,"143":0,"144":0,"145":0,"146":0,"147":0,"148":0,"149":0,"150":0,"151":0,"152":0,"153":0,"154":0,"155":0,"156":0,"157":0,"158":0,"159":0,"160":0,"161":0,"162":0,"163":0,"164":0,"165":0,"166":0,"167":0,"168":0,"169":0,"170":0,"171":0,"172":0,"173":0,"174":0,"175":0,"176":0,"177":0,"178":0,"179":0,"180":0,"181":0,"182":0,"183":0,"184":1},"f":{"0":0,"1":0,"2":0,"3":0,"4":0,"5":0,"6":0,"7":0,"8":0,"9":0,"10":0,"11":0,"12":0,"13":0,"14":0,"15":0,"16":0,"17":0,"18":0,"19":0,"20":0,"21":0,"22":0,"23":0,"24":0,"25":0,"26":0},"b":{"0":[0,0],"1":[0,0],"2":[0,0],"3":[0,0],"4":[0,0],"5":[0,0],"6":[0,0],"7":[0,0],"8":[0,0],"9":[0,0],"10":[0,0],"11":[0,0],"12":[0,0],"13":[0,0],"14":[0,0],"15":[0,0],"16":[0,0],"17":[0,0],"18":[0,0],"19":[0,0],"20":[0,0],"21":[0,0],"22":[0,0],"23":[0,0],"24":[0,0],"25":[0,0],"26":[0,0],"27":[0,0],"28":[0,0],"29":[0,0],"30":[0,0],"31":[0,0],"32":[0,0]},"_coverageSchema":"1a1c01bbd47fc00a2c39e90264f33305004495a9","hash":"d915be9f9de5d17942914d497fed789c0978442f"}
,"/home/halseytakang/Development/web/sdetFinals/controllers/discountController.js": {"path":"/home/halseytakang/Development/web/sdetFinals/controllers/discountController.js","statementMap":{"0":{"start":{"line":1,"column":14},"end":{"line":1,"column":30}},"1":{"start":{"line":2,"column":15},"end":{"line":2,"column":46}},"2":{"start":{"line":3,"column":16},"end":{"line":3,"column":42}},"3":{"start":{"line":4,"column":15},"end":{"line":4,"column":44}},"4":{"start":{"line":5,"column":13},"end":{"line":5,"column":28}},"5":{"start":{"line":6,"column":21},"end":{"line":6,"column":44}},"6":{"start":{"line":10,"column":20},"end":{"line":20,"column":6}},"7":{"start":{"line":11,"column":26},"end":{"line":11,"column":80}},"8":{"start":{"line":12,"column":20},"end":{"line":12,"column":73}},"9":{"start":{"line":13,"column":8},"end":{"line":19,"column":11}},"10":{"start":{"line":14,"column":12},"end":{"line":17,"column":13}},"11":{"start":{"line":15,"column":16},"end":{"line":15,"column":34}},"12":{"start":{"line":16,"column":16},"end":{"line":16,"column":22}},"13":{"start":{"line":18,"column":12},"end":{"line":18,"column":25}},"14":{"start":{"line":21,"column":4},"end":{"line":25,"column":5}},"15":{"start":{"line":22,"column":8},"end":{"line":22,"column":18}},"16":{"start":{"line":24,"column":8},"end":{"line":24,"column":17}},"17":{"start":{"line":30,"column":20},"end":{"line":40,"column":6}},"18":{"start":{"line":31,"column":26},"end":{"line":31,"column":80}},"19":{"start":{"line":32,"column":20},"end":{"line":32,"column":73}},"20":{"start":{"line":33,"column":8},"end":{"line":39,"column":11}},"21":{"start":{"line":34,"column":12},"end":{"line":37,"column":13}},"22":{"start":{"line":35,"column":16},"end":{"line":35,"column":34}},"23":{"start":{"line":36,"column":16},"end":{"line":36,"column":22}},"24":{"start":{"line":38,"column":12},"end":{"line":38,"column":25}},"25":{"start":{"line":41,"column":4},"end":{"line":45,"column":5}},"26":{"start":{"line":42,"column":8},"end":{"line":42,"column":18}},"27":{"start":{"line":44,"column":8},"end":{"line":44,"column":17}},"28":{"start":{"line":49,"column":16},"end":{"line":49,"column":18}},"29":{"start":{"line":50,"column":20},"end":{"line":65,"column":6}},"30":{"start":{"line":51,"column":8},"end":{"line":64,"column":9}},"31":{"start":{"line":51,"column":21},"end":{"line":51,"column":22}},"32":{"start":{"line":52,"column":12},"end":{"line":52,"column":43}},"33":{"start":{"line":53,"column":12},"end":{"line":53,"column":28}},"34":{"start":{"line":54,"column":30},"end":{"line":54,"column":69}},"35":{"start":{"line":55,"column":24},"end":{"line":55,"column":88}},"36":{"start":{"line":56,"column":12},"end":{"line":63,"column":15}},"37":{"start":{"line":57,"column":16},"end":{"line":60,"column":17}},"38":{"start":{"line":58,"column":20},"end":{"line":58,"column":38}},"39":{"start":{"line":59,"column":20},"end":{"line":59,"column":26}},"40":{"start":{"line":62,"column":16},"end":{"line":62,"column":33}},"41":{"start":{"line":66,"column":4},"end":{"line":66,"column":41}},"42":{"start":{"line":70,"column":4},"end":{"line":70,"column":23}},"43":{"start":{"line":71,"column":17},"end":{"line":71,"column":30}},"44":{"start":{"line":72,"column":20},"end":{"line":82,"column":6}},"45":{"start":{"line":73,"column":26},"end":{"line":73,"column":68}},"46":{"start":{"line":74,"column":20},"end":{"line":74,"column":82}},"47":{"start":{"line":75,"column":8},"end":{"line":81,"column":10}},"48":{"start":{"line":76,"column":12},"end":{"line":79,"column":13}},"49":{"start":{"line":77,"column":16},"end":{"line":77,"column":34}},"50":{"start":{"line":78,"column":16},"end":{"line":78,"column":22}},"51":{"start":{"line":80,"column":12},"end":{"line":80,"column":25}},"52":{"start":{"line":84,"column":4},"end":{"line":99,"column":5}},"53":{"start":{"line":85,"column":21},"end":{"line":95,"column":10}},"54":{"start":{"line":86,"column":30},"end":{"line":86,"column":65}},"55":{"start":{"line":87,"column":24},"end":{"line":87,"column":115}},"56":{"start":{"line":88,"column":12},"end":{"line":94,"column":14}},"57":{"start":{"line":89,"column":16},"end":{"line":92,"column":17}},"58":{"start":{"line":90,"column":20},"end":{"line":90,"column":38}},"59":{"start":{"line":91,"column":20},"end":{"line":91,"column":26}},"60":{"start":{"line":93,"column":16},"end":{"line":93,"column":29}},"61":{"start":{"line":96,"column":8},"end":{"line":96,"column":31}},"62":{"start":{"line":98,"column":8},"end":{"line":98,"column":31}},"63":{"start":{"line":103,"column":20},"end":{"line":113,"column":6}},"64":{"start":{"line":104,"column":26},"end":{"line":104,"column":68}},"65":{"start":{"line":105,"column":20},"end":{"line":105,"column":87}},"66":{"start":{"line":106,"column":8},"end":{"line":112,"column":11}},"67":{"start":{"line":107,"column":12},"end":{"line":110,"column":13}},"68":{"start":{"line":108,"column":16},"end":{"line":108,"column":34}},"69":{"start":{"line":109,"column":16},"end":{"line":109,"column":22}},"70":{"start":{"line":111,"column":12},"end":{"line":111,"column":25}},"71":{"start":{"line":114,"column":4},"end":{"line":118,"column":5}},"72":{"start":{"line":115,"column":8},"end":{"line":115,"column":23}},"73":{"start":{"line":117,"column":8},"end":{"line":117,"column":17}},"74":{"start":{"line":122,"column":20},"end":{"line":132,"column":6}},"75":{"start":{"line":123,"column":26},"end":{"line":123,"column":116}},"76":{"start":{"line":124,"column":20},"end":{"line":124,"column":69}},"77":{"start":{"line":125,"column":8},"end":{"line":131,"column":11}},"78":{"start":{"line":126,"column":12},"end":{"line":129,"column":13}},"79":{"start":{"line":127,"column":16},"end":{"line":127,"column":34}},"80":{"start":{"line":128,"column":16},"end":{"line":128,"column":22}},"81":{"start":{"line":130,"column":12},"end":{"line":130,"column":25}},"82":{"start":{"line":134,"column":4},"end":{"line":150,"column":5}},"83":{"start":{"line":135,"column":8},"end":{"line":149,"column":10}},"84":{"start":{"line":136,"column":12},"end":{"line":148,"column":13}},"85":{"start":{"line":137,"column":29},"end":{"line":147,"column":18}},"86":{"start":{"line":138,"column":38},"end":{"line":138,"column":67}},"87":{"start":{"line":139,"column":32},"end":{"line":139,"column":86}},"88":{"start":{"line":140,"column":20},"end":{"line":146,"column":23}},"89":{"start":{"line":141,"column":24},"end":{"line":144,"column":25}},"90":{"start":{"line":142,"column":28},"end":{"line":142,"column":46}},"91":{"start":{"line":143,"column":28},"end":{"line":143,"column":34}},"92":{"start":{"line":145,"column":24},"end":{"line":145,"column":37}},"93":{"start":{"line":153,"column":0},"end":{"line":153,"column":115}}},"fnMap":{"0":{"name":"AutoBronzeDiscount","decl":{"start":{"line":8,"column":15},"end":{"line":8,"column":33}},"loc":{"start":{"line":8,"column":35},"end":{"line":26,"column":1}},"line":8},"1":{"name":"(anonymous_1)","decl":{"start":{"line":10,"column":38},"end":{"line":10,"column":39}},"loc":{"start":{"line":10,"column":59},"end":{"line":20,"column":5}},"line":10},"2":{"name":"(anonymous_2)","decl":{"start":{"line":13,"column":26},"end":{"line":13,"column":27}},"loc":{"start":{"line":13,"column":41},"end":{"line":19,"column":9}},"line":13},"3":{"name":"AutoDiamondDiscount","decl":{"start":{"line":28,"column":15},"end":{"line":28,"column":34}},"loc":{"start":{"line":28,"column":36},"end":{"line":46,"column":1}},"line":28},"4":{"name":"(anonymous_4)","decl":{"start":{"line":30,"column":38},"end":{"line":30,"column":39}},"loc":{"start":{"line":30,"column":59},"end":{"line":40,"column":5}},"line":30},"5":{"name":"(anonymous_5)","decl":{"start":{"line":33,"column":26},"end":{"line":33,"column":27}},"loc":{"start":{"line":33,"column":41},"end":{"line":39,"column":9}},"line":33},"6":{"name":"GenerateDiscountCodes","decl":{"start":{"line":48,"column":15},"end":{"line":48,"column":36}},"loc":{"start":{"line":48,"column":46},"end":{"line":67,"column":1}},"line":48},"7":{"name":"(anonymous_7)","decl":{"start":{"line":50,"column":38},"end":{"line":50,"column":39}},"loc":{"start":{"line":50,"column":59},"end":{"line":65,"column":5}},"line":50},"8":{"name":"(anonymous_8)","decl":{"start":{"line":56,"column":30},"end":{"line":56,"column":31}},"loc":{"start":{"line":56,"column":49},"end":{"line":63,"column":13}},"line":56},"9":{"name":"ApplyCode","decl":{"start":{"line":69,"column":15},"end":{"line":69,"column":24}},"loc":{"start":{"line":69,"column":34},"end":{"line":100,"column":1}},"line":69},"10":{"name":"(anonymous_10)","decl":{"start":{"line":72,"column":38},"end":{"line":72,"column":39}},"loc":{"start":{"line":72,"column":59},"end":{"line":82,"column":5}},"line":72},"11":{"name":"(anonymous_11)","decl":{"start":{"line":75,"column":26},"end":{"line":75,"column":27}},"loc":{"start":{"line":75,"column":41},"end":{"line":81,"column":9}},"line":75},"12":{"name":"(anonymous_12)","decl":{"start":{"line":85,"column":33},"end":{"line":85,"column":34}},"loc":{"start":{"line":85,"column":53},"end":{"line":95,"column":9}},"line":85},"13":{"name":"(anonymous_13)","decl":{"start":{"line":88,"column":30},"end":{"line":88,"column":31}},"loc":{"start":{"line":88,"column":45},"end":{"line":94,"column":13}},"line":88},"14":{"name":"DiscountCodeAvailable","decl":{"start":{"line":102,"column":15},"end":{"line":102,"column":36}},"loc":{"start":{"line":102,"column":44},"end":{"line":119,"column":1}},"line":102},"15":{"name":"(anonymous_15)","decl":{"start":{"line":103,"column":38},"end":{"line":103,"column":39}},"loc":{"start":{"line":103,"column":59},"end":{"line":113,"column":5}},"line":103},"16":{"name":"(anonymous_16)","decl":{"start":{"line":106,"column":26},"end":{"line":106,"column":27}},"loc":{"start":{"line":106,"column":41},"end":{"line":112,"column":9}},"line":106},"17":{"name":"CodeExpired","decl":{"start":{"line":121,"column":15},"end":{"line":121,"column":26}},"loc":{"start":{"line":121,"column":28},"end":{"line":151,"column":1}},"line":121},"18":{"name":"(anonymous_18)","decl":{"start":{"line":122,"column":38},"end":{"line":122,"column":39}},"loc":{"start":{"line":122,"column":59},"end":{"line":132,"column":5}},"line":122},"19":{"name":"(anonymous_19)","decl":{"start":{"line":125,"column":26},"end":{"line":125,"column":27}},"loc":{"start":{"line":125,"column":41},"end":{"line":131,"column":9}},"line":125},"20":{"name":"(anonymous_20)","decl":{"start":{"line":135,"column":39},"end":{"line":135,"column":40}},"loc":{"start":{"line":135,"column":56},"end":{"line":149,"column":9}},"line":135},"21":{"name":"(anonymous_21)","decl":{"start":{"line":137,"column":47},"end":{"line":137,"column":48}},"loc":{"start":{"line":137,"column":68},"end":{"line":147,"column":17}},"line":137},"22":{"name":"(anonymous_22)","decl":{"start":{"line":140,"column":38},"end":{"line":140,"column":39}},"loc":{"start":{"line":140,"column":53},"end":{"line":146,"column":21}},"line":140}},"branchMap":{"0":{"loc":{"start":{"line":14,"column":12},"end":{"line":17,"column":13}},"type":"if","locations":[{"start":{"line":14,"column":12},"end":{"line":17,"column":13}},{"start":{},"end":{}}],"line":14},"1":{"loc":{"start":{"line":21,"column":4},"end":{"line":25,"column":5}},"type":"if","locations":[{"start":{"line":21,"column":4},"end":{"line":25,"column":5}},{"start":{"line":23,"column":9},"end":{"line":25,"column":5}}],"line":21},"2":{"loc":{"start":{"line":34,"column":12},"end":{"line":37,"column":13}},"type":"if","locations":[{"start":{"line":34,"column":12},"end":{"line":37,"column":13}},{"start":{},"end":{}}],"line":34},"3":{"loc":{"start":{"line":41,"column":4},"end":{"line":45,"column":5}},"type":"if","locations":[{"start":{"line":41,"column":4},"end":{"line":45,"column":5}},{"start":{"line":43,"column":9},"end":{"line":45,"column":5}}],"line":41},"4":{"loc":{"start":{"line":57,"column":16},"end":{"line":60,"column":17}},"type":"if","locations":[{"start":{"line":57,"column":16},"end":{"line":60,"column":17}},{"start":{},"end":{}}],"line":57},"5":{"loc":{"start":{"line":76,"column":12},"end":{"line":79,"column":13}},"type":"if","locations":[{"start":{"line":76,"column":12},"end":{"line":79,"column":13}},{"start":{},"end":{}}],"line":76},"6":{"loc":{"start":{"line":84,"column":4},"end":{"line":99,"column":5}},"type":"if","locations":[{"start":{"line":84,"column":4},"end":{"line":99,"column":5}},{"start":{"line":97,"column":9},"end":{"line":99,"column":5}}],"line":84},"7":{"loc":{"start":{"line":89,"column":16},"end":{"line":92,"column":17}},"type":"if","locations":[{"start":{"line":89,"column":16},"end":{"line":92,"column":17}},{"start":{},"end":{}}],"line":89},"8":{"loc":{"start":{"line":107,"column":12},"end":{"line":110,"column":13}},"type":"if","locations":[{"start":{"line":107,"column":12},"end":{"line":110,"column":13}},{"start":{},"end":{}}],"line":107},"9":{"loc":{"start":{"line":114,"column":4},"end":{"line":118,"column":5}},"type":"if","locations":[{"start":{"line":114,"column":4},"end":{"line":118,"column":5}},{"start":{"line":116,"column":9},"end":{"line":118,"column":5}}],"line":114},"10":{"loc":{"start":{"line":126,"column":12},"end":{"line":129,"column":13}},"type":"if","locations":[{"start":{"line":126,"column":12},"end":{"line":129,"column":13}},{"start":{},"end":{}}],"line":126},"11":{"loc":{"start":{"line":134,"column":4},"end":{"line":150,"column":5}},"type":"if","locations":[{"start":{"line":134,"column":4},"end":{"line":150,"column":5}},{"start":{},"end":{}}],"line":134},"12":{"loc":{"start":{"line":136,"column":12},"end":{"line":148,"column":13}},"type":"if","locations":[{"start":{"line":136,"column":12},"end":{"line":148,"column":13}},{"start":{},"end":{}}],"line":136},"13":{"loc":{"start":{"line":141,"column":24},"end":{"line":144,"column":25}},"type":"if","locations":[{"start":{"line":141,"column":24},"end":{"line":144,"column":25}},{"start":{},"end":{}}],"line":141}},"s":{"0":1,"1":1,"2":1,"3":1,"4":1,"5":1,"6":0,"7":0,"8":0,"9":0,"10":0,"11":0,"12":0,"13":0,"14":0,"15":0,"16":0,"17":0,"18":0,"19":0,"20":0,"21":0,"22":0,"23":0,"24":0,"25":0,"26":0,"27":0,"28":0,"29":0,"30":0,"31":0,"32":0,"33":0,"34":0,"35":0,"36":0,"37":0,"38":0,"39":0,"40":0,"41":0,"42":0,"43":0,"44":0,"45":0,"46":0,"47":0,"48":0,"49":0,"50":0,"51":0,"52":0,"53":0,"54":0,"55":0,"56":0,"57":0,"58":0,"59":0,"60":0,"61":0,"62":0,"63":0,"64":0,"65":0,"66":0,"67":0,"68":0,"69":0,"70":0,"71":0,"72":0,"73":0,"74":0,"75":0,"76":0,"77":0,"78":0,"79":0,"80":0,"81":0,"82":0,"83":0,"84":0,"85":0,"86":0,"87":0,"88":0,"89":0,"90":0,"91":0,"92":0,"93":1},"f":{"0":0,"1":0,"2":0,"3":0,"4":0,"5":0,"6":0,"7":0,"8":0,"9":0,"10":0,"11":0,"12":0,"13":0,"14":0,"15":0,"16":0,"17":0,"18":0,"19":0,"20":0,"21":0,"22":0},"b":{"0":[0,0],"1":[0,0],"2":[0,0],"3":[0,0],"4":[0,0],"5":[0,0],"6":[0,0],"7":[0,0],"8":[0,0],"9":[0,0],"10":[0,0],"11":[0,0],"12":[0,0],"13":[0,0]},"_coverageSchema":"1a1c01bbd47fc00a2c39e90264f33305004495a9","hash":"de3502316dfa4adf3fd9f43690bf1571ef3ce29e"}
,"/home/halseytakang/Development/web/sdetFinals/controllers/serviceController.js": {"path":"/home/halseytakang/Development/web/sdetFinals/controllers/serviceController.js","statementMap":{"0":{"start":{"line":1,"column":14},"end":{"line":1,"column":30}},"1":{"start":{"line":2,"column":15},"end":{"line":2,"column":46}},"2":{"start":{"line":3,"column":16},"end":{"line":3,"column":42}},"3":{"start":{"line":4,"column":15},"end":{"line":4,"column":44}},"4":{"start":{"line":7,"column":20},"end":{"line":17,"column":6}},"5":{"start":{"line":8,"column":26},"end":{"line":8,"column":57}},"6":{"start":{"line":9,"column":20},"end":{"line":9,"column":68}},"7":{"start":{"line":10,"column":8},"end":{"line":16,"column":11}},"8":{"start":{"line":11,"column":12},"end":{"line":14,"column":13}},"9":{"start":{"line":12,"column":16},"end":{"line":12,"column":34}},"10":{"start":{"line":13,"column":16},"end":{"line":13,"column":22}},"11":{"start":{"line":15,"column":12},"end":{"line":15,"column":25}},"12":{"start":{"line":18,"column":4},"end":{"line":18,"column":18}},"13":{"start":{"line":21,"column":0},"end":{"line":21,"column":29}}},"fnMap":{"0":{"name":"GetService","decl":{"start":{"line":6,"column":15},"end":{"line":6,"column":25}},"loc":{"start":{"line":6,"column":29},"end":{"line":19,"column":1}},"line":6},"1":{"name":"(anonymous_1)","decl":{"start":{"line":7,"column":38},"end":{"line":7,"column":39}},"loc":{"start":{"line":7,"column":59},"end":{"line":17,"column":5}},"line":7},"2":{"name":"(anonymous_2)","decl":{"start":{"line":10,"column":26},"end":{"line":10,"column":27}},"loc":{"start":{"line":10,"column":41},"end":{"line":16,"column":9}},"line":10}},"branchMap":{"0":{"loc":{"start":{"line":11,"column":12},"end":{"line":14,"column":13}},"type":"if","locations":[{"start":{"line":11,"column":12},"end":{"line":14,"column":13}},{"start":{},"end":{}}],"line":11}},"s":{"0":1,"1":1,"2":1,"3":1,"4":0,"5":0,"6":0,"7":0,"8":0,"9":0,"10":0,"11":0,"12":0,"13":1},"f":{"0":0,"1":0,"2":0},"b":{"0":[0,0]},"_coverageSchema":"1a1c01bbd47fc00a2c39e90264f33305004495a9","hash":"b159eebb3b3586b2fef780a4eb8d6bd6c1ef7816"}
,"/home/halseytakang/Development/web/sdetFinals/controllers/userController.js": {"path":"/home/halseytakang/Development/web/sdetFinals/controllers/userController.js","statementMap":{"0":{"start":{"line":1,"column":14},"end":{"line":1,"column":30}},"1":{"start":{"line":2,"column":15},"end":{"line":2,"column":46}},"2":{"start":{"line":3,"column":18},"end":{"line":3,"column":46}},"3":{"start":{"line":4,"column":16},"end":{"line":4,"column":42}},"4":{"start":{"line":5,"column":15},"end":{"line":5,"column":44}},"5":{"start":{"line":8,"column":4},"end":{"line":10,"column":44}},"6":{"start":{"line":11,"column":4},"end":{"line":15,"column":54}},"7":{"start":{"line":16,"column":4},"end":{"line":18,"column":53}},"8":{"start":{"line":19,"column":4},"end":{"line":22,"column":24}},"9":{"start":{"line":24,"column":17},"end":{"line":24,"column":30}},"10":{"start":{"line":25,"column":18},"end":{"line":25,"column":32}},"11":{"start":{"line":26,"column":18},"end":{"line":26,"column":32}},"12":{"start":{"line":27,"column":21},"end":{"line":27,"column":38}},"13":{"start":{"line":29,"column":22},"end":{"line":29,"column":69}},"14":{"start":{"line":30,"column":16},"end":{"line":30,"column":114}},"15":{"start":{"line":31,"column":4},"end":{"line":39,"column":7}},"16":{"start":{"line":32,"column":8},"end":{"line":35,"column":9}},"17":{"start":{"line":33,"column":12},"end":{"line":33,"column":31}},"18":{"start":{"line":34,"column":12},"end":{"line":34,"column":19}},"19":{"start":{"line":37,"column":8},"end":{"line":37,"column":39}},"20":{"start":{"line":38,"column":8},"end":{"line":38,"column":91}},"21":{"start":{"line":43,"column":4},"end":{"line":47,"column":47}},"22":{"start":{"line":48,"column":4},"end":{"line":50,"column":39}},"23":{"start":{"line":52,"column":18},"end":{"line":52,"column":32}},"24":{"start":{"line":53,"column":21},"end":{"line":53,"column":38}},"25":{"start":{"line":55,"column":22},"end":{"line":55,"column":64}},"26":{"start":{"line":56,"column":16},"end":{"line":56,"column":86}},"27":{"start":{"line":58,"column":4},"end":{"line":75,"column":7}},"28":{"start":{"line":59,"column":8},"end":{"line":62,"column":9}},"29":{"start":{"line":60,"column":12},"end":{"line":60,"column":31}},"30":{"start":{"line":61,"column":12},"end":{"line":61,"column":19}},"31":{"start":{"line":64,"column":8},"end":{"line":73,"column":9}},"32":{"start":{"line":65,"column":12},"end":{"line":65,"column":78}},"33":{"start":{"line":67,"column":12},"end":{"line":67,"column":44}},"34":{"start":{"line":68,"column":12},"end":{"line":68,"column":44}},"35":{"start":{"line":69,"column":12},"end":{"line":69,"column":46}},"36":{"start":{"line":70,"column":12},"end":{"line":70,"column":46}},"37":{"start":{"line":71,"column":12},"end":{"line":71,"column":60}},"38":{"start":{"line":72,"column":12},"end":{"line":72,"column":79}},"39":{"start":{"line":79,"column":0},"end":{"line":79,"column":39}}},"fnMap":{"0":{"name":"AddUser","decl":{"start":{"line":7,"column":9},"end":{"line":7,"column":16}},"loc":{"start":{"line":7,"column":26},"end":{"line":40,"column":1}},"line":7},"1":{"name":"(anonymous_1)","decl":{"start":{"line":31,"column":22},"end":{"line":31,"column":23}},"loc":{"start":{"line":31,"column":41},"end":{"line":39,"column":5}},"line":31},"2":{"name":"VerifyUser","decl":{"start":{"line":42,"column":9},"end":{"line":42,"column":19}},"loc":{"start":{"line":42,"column":29},"end":{"line":77,"column":1}},"line":42},"3":{"name":"(anonymous_3)","decl":{"start":{"line":58,"column":22},"end":{"line":58,"column":23}},"loc":{"start":{"line":58,"column":37},"end":{"line":75,"column":5}},"line":58}},"branchMap":{"0":{"loc":{"start":{"line":32,"column":8},"end":{"line":35,"column":9}},"type":"if","locations":[{"start":{"line":32,"column":8},"end":{"line":35,"column":9}},{"start":{},"end":{}}],"line":32},"1":{"loc":{"start":{"line":59,"column":8},"end":{"line":62,"column":9}},"type":"if","locations":[{"start":{"line":59,"column":8},"end":{"line":62,"column":9}},{"start":{},"end":{}}],"line":59},"2":{"loc":{"start":{"line":64,"column":8},"end":{"line":73,"column":9}},"type":"if","locations":[{"start":{"line":64,"column":8},"end":{"line":73,"column":9}},{"start":{"line":66,"column":13},"end":{"line":73,"column":9}}],"line":64}},"s":{"0":1,"1":1,"2":1,"3":1,"4":1,"5":0,"6":0,"7":0,"8":0,"9":0,"10":0,"11":0,"12":0,"13":0,"14":0,"15":0,"16":0,"17":0,"18":0,"19":0,"20":0,"21":0,"22":0,"23":0,"24":0,"25":0,"26":0,"27":0,"28":0,"29":0,"30":0,"31":0,"32":0,"33":0,"34":0,"35":0,"36":0,"37":0,"38":0,"39":1},"f":{"0":0,"1":0,"2":0,"3":0},"b":{"0":[0,0],"1":[0,0],"2":[0,0]},"_coverageSchema":"1a1c01bbd47fc00a2c39e90264f33305004495a9","hash":"26500b44434b0b08645ef891c9d7252111ad7e38"}
,"/home/halseytakang/Development/web/sdetFinals/database/database.js": {"path":"/home/halseytakang/Development/web/sdetFinals/database/database.js","statementMap":{"0":{"start":{"line":1,"column":14},"end":{"line":1,"column":30}},"1":{"start":{"line":2,"column":13},"end":{"line":9,"column":2}},"2":{"start":{"line":10,"column":0},"end":{"line":10,"column":23}}},"fnMap":{},"branchMap":{},"s":{"0":1,"1":1,"2":1},"f":{},"b":{},"_coverageSchema":"1a1c01bbd47fc00a2c39e90264f33305004495a9","hash":"a0996557f9fcc27e314c738e6975663bb54f66ac"}
,"/home/halseytakang/Development/web/sdetFinals/routes/routes.js": {"path":"/home/halseytakang/Development/web/sdetFinals/routes/routes.js","statementMap":{"0":{"start":{"line":1,"column":16},"end":{"line":1,"column":34}},"1":{"start":{"line":2,"column":13},"end":{"line":2,"column":28}},"2":{"start":{"line":3,"column":15},"end":{"line":3,"column":31}},"3":{"start":{"line":4,"column":30},"end":{"line":4,"column":70}},"4":{"start":{"line":5,"column":94},"end":{"line":5,"column":136}},"5":{"start":{"line":6,"column":43},"end":{"line":6,"column":87}},"6":{"start":{"line":7,"column":16},"end":{"line":7,"column":42}},"7":{"start":{"line":8,"column":15},"end":{"line":8,"column":44}},"8":{"start":{"line":11,"column":0},"end":{"line":17,"column":3}},"9":{"start":{"line":12,"column":4},"end":{"line":16,"column":5}},"10":{"start":{"line":13,"column":8},"end":{"line":13,"column":77}},"11":{"start":{"line":15,"column":8},"end":{"line":15,"column":78}},"12":{"start":{"line":19,"column":0},"end":{"line":19,"column":38}},"13":{"start":{"line":21,"column":0},"end":{"line":21,"column":44}},"14":{"start":{"line":23,"column":0},"end":{"line":23,"column":43}},"15":{"start":{"line":25,"column":0},"end":{"line":25,"column":51}},"16":{"start":{"line":27,"column":0},"end":{"line":27,"column":33}},"17":{"start":{"line":29,"column":0},"end":{"line":29,"column":31}},"18":{"start":{"line":31,"column":0},"end":{"line":33,"column":3}},"19":{"start":{"line":32,"column":4},"end":{"line":32,"column":61}},"20":{"start":{"line":35,"column":0},"end":{"line":37,"column":3}},"21":{"start":{"line":36,"column":4},"end":{"line":36,"column":64}},"22":{"start":{"line":39,"column":0},"end":{"line":42,"column":3}},"23":{"start":{"line":40,"column":4},"end":{"line":40,"column":25}},"24":{"start":{"line":41,"column":4},"end":{"line":41,"column":61}},"25":{"start":{"line":46,"column":0},"end":{"line":46,"column":31}},"26":{"start":{"line":48,"column":0},"end":{"line":48,"column":37}},"27":{"start":{"line":50,"column":0},"end":{"line":50,"column":39}},"28":{"start":{"line":52,"column":0},"end":{"line":52,"column":36}},"29":{"start":{"line":54,"column":0},"end":{"line":54,"column":23}}},"fnMap":{"0":{"name":"(anonymous_0)","decl":{"start":{"line":11,"column":16},"end":{"line":11,"column":17}},"loc":{"start":{"line":11,"column":33},"end":{"line":17,"column":1}},"line":11},"1":{"name":"(anonymous_1)","decl":{"start":{"line":31,"column":20},"end":{"line":31,"column":21}},"loc":{"start":{"line":31,"column":37},"end":{"line":33,"column":1}},"line":31},"2":{"name":"(anonymous_2)","decl":{"start":{"line":35,"column":23},"end":{"line":35,"column":24}},"loc":{"start":{"line":35,"column":40},"end":{"line":37,"column":1}},"line":35},"3":{"name":"(anonymous_3)","decl":{"start":{"line":39,"column":21},"end":{"line":39,"column":22}},"loc":{"start":{"line":39,"column":38},"end":{"line":42,"column":1}},"line":39}},"branchMap":{"0":{"loc":{"start":{"line":12,"column":4},"end":{"line":16,"column":5}},"type":"if","locations":[{"start":{"line":12,"column":4},"end":{"line":16,"column":5}},{"start":{"line":14,"column":9},"end":{"line":16,"column":5}}],"line":12}},"s":{"0":1,"1":1,"2":1,"3":1,"4":1,"5":1,"6":1,"7":1,"8":1,"9":0,"10":0,"11":0,"12":1,"13":1,"14":1,"15":1,"16":1,"17":1,"18":1,"19":0,"20":1,"21":0,"22":1,"23":0,"24":0,"25":1,"26":1,"27":1,"28":1,"29":1},"f":{"0":0,"1":0,"2":0,"3":0},"b":{"0":[0,0]},"_coverageSchema":"1a1c01bbd47fc00a2c39e90264f33305004495a9","hash":"f083ecc90f4bc073038ce7f1fd5d550ecd4e2106"}
,"/home/halseytakang/Development/web/sdetFinals/session/session.js": {"path":"/home/halseytakang/Development/web/sdetFinals/session/session.js","statementMap":{"0":{"start":{"line":1,"column":11},"end":{"line":6,"column":3}},"1":{"start":{"line":7,"column":2},"end":{"line":7,"column":25}}},"fnMap":{},"branchMap":{},"s":{"0":1,"1":1},"f":{},"b":{},"_coverageSchema":"1a1c01bbd47fc00a2c39e90264f33305004495a9","hash":"39a67843f2971c3b8c006ffb7158999a7f82b8f3"}
}
